<?xml version="1.0" encoding="UTF-8"?>
<!-- Generated by org.testng.reporters.JUnitReportReporter -->
<testsuite skipped="0" hostname="DESKTOP-N60QB27" name="testcases.TestCase1" tests="1" failures="0" timestamp="2022-12-23T20:45:14 IST" time="0.023" errors="0">
  <testcase name="browserTest" time="0.023" classname="testcases.TestCase1"/>
  <system-out/>
</testsuite> <!-- testcases.TestCase1 -->
